<?xml version="1.0" encoding="UTF-8"?>
<!-- Generated by org.testng.reporters.JUnitReportReporter -->
<testsuite hostname="LAPTOP-1G99RHJC" failures="0" tests="1" name="nopCommerce.TestRunner.TestCase" time="378.677" errors="0" timestamp="2022-06-02T20:09:44 IST" skipped="0">
  <testcase classname="nopCommerce.TestRunner.TestCase" name="runScenario" time="378.677"/>
  <system-out/>
</testsuite> <!-- nopCommerce.TestRunner.TestCase -->
